<?xml version="1.0" encoding="UTF-8"?>
<coverage generated="1591798775428" clover="3.2.0">
  <project timestamp="1591798775428" name="All files">
    <metrics statements="28" coveredstatements="3" conditionals="4" coveredconditionals="3" methods="5" coveredmethods="1" elements="37" coveredelements="7" complexity="0" loc="28" ncloc="28" packages="1" files="2" classes="2"/>
    <file name="formHandler.js" path="/Users/madafaca/Desktop/news3/src/client/js/formHandler.js">
      <metrics statements="19" coveredstatements="1" conditionals="0" coveredconditionals="0" methods="3" coveredmethods="0"/>
      <line num="1" count="1" type="stmt"/>
      <line num="4" count="0" type="stmt"/>
      <line num="7" count="0" type="stmt"/>
      <line num="8" count="0" type="stmt"/>
      <line num="9" count="0" type="stmt"/>
      <line num="12" count="0" type="stmt"/>
      <line num="13" count="0" type="stmt"/>
      <line num="15" count="0" type="stmt"/>
      <line num="21" count="0" type="stmt"/>
      <line num="31" count="0" type="stmt"/>
      <line num="32" count="0" type="stmt"/>
      <line num="33" count="0" type="stmt"/>
      <line num="34" count="0" type="stmt"/>
      <line num="35" count="0" type="stmt"/>
      <line num="36" count="0" type="stmt"/>
      <line num="37" count="0" type="stmt"/>
      <line num="38" count="0" type="stmt"/>
      <line num="39" count="0" type="stmt"/>
      <line num="41" count="0" type="stmt"/>
    </file>
    <file name="textChecker.js" path="/Users/madafaca/Desktop/news3/src/client/js/textChecker.js">
      <metrics statements="9" coveredstatements="2" conditionals="4" coveredconditionals="3" methods="2" coveredmethods="1"/>
      <line num="4" count="1" type="cond" truecount="3" falsecount="1"/>
      <line num="5" count="1" type="stmt"/>
      <line num="7" count="0" type="stmt"/>
      <line num="8" count="0" type="stmt"/>
      <line num="13" count="0" type="stmt"/>
      <line num="14" count="0" type="stmt"/>
      <line num="15" count="0" type="stmt"/>
      <line num="16" count="0" type="stmt"/>
      <line num="17" count="0" type="stmt"/>
    </file>
  </project>
</coverage>
