{"/Users/madafaca/Desktop/project-master/src/client/js/formHandler.js": {"path":"/Users/madafaca/Desktop/project-master/src/client/js/formHandler.js","statementMap":{"0":{"start":{"line":1,"column":18},"end":{"line":1,"column":21}},"1":{"start":{"line":4,"column":4},"end":{"line":4,"column":26}},"2":{"start":{"line":7,"column":19},"end":{"line":7,"column":56}},"3":{"start":{"line":8,"column":4},"end":{"line":8,"column":33}},"4":{"start":{"line":9,"column":4},"end":{"line":9,"column":34}},"5":{"start":{"line":12,"column":20},"end":{"line":12,"column":32}},"6":{"start":{"line":13,"column":4},"end":{"line":16,"column":6}},"7":{"start":{"line":15,"column":8},"end":{"line":15,"column":26}},"8":{"start":{"line":21,"column":21},"end":{"line":29,"column":8}},"9":{"start":{"line":31,"column":8},"end":{"line":42,"column":9}},"10":{"start":{"line":32,"column":26},"end":{"line":32,"column":47}},"11":{"start":{"line":33,"column":10},"end":{"line":33,"column":31}},"12":{"start":{"line":34,"column":10},"end":{"line":34,"column":50}},"13":{"start":{"line":35,"column":10},"end":{"line":35,"column":58}},"14":{"start":{"line":36,"column":10},"end":{"line":36,"column":42}},"15":{"start":{"line":37,"column":10},"end":{"line":37,"column":72}},"16":{"start":{"line":38,"column":10},"end":{"line":38,"column":80}},"17":{"start":{"line":39,"column":10},"end":{"line":39,"column":25}},"18":{"start":{"line":41,"column":8},"end":{"line":41,"column":36}},"19":{"start":{"line":47,"column":2},"end":{"line":47,"column":34}},"20":{"start":{"line":49,"column":22},"end":{"line":49,"column":61}},"21":{"start":{"line":50,"column":2},"end":{"line":50,"column":38}},"22":{"start":{"line":52,"column":22},"end":{"line":52,"column":56}},"23":{"start":{"line":53,"column":2},"end":{"line":53,"column":29}},"24":{"start":{"line":58,"column":19},"end":{"line":58,"column":46}},"25":{"start":{"line":59,"column":2},"end":{"line":59,"column":67}},"26":{"start":{"line":60,"column":2},"end":{"line":60,"column":35}},"27":{"start":{"line":62,"column":23},"end":{"line":62,"column":50}},"28":{"start":{"line":63,"column":2},"end":{"line":63,"column":79}},"29":{"start":{"line":64,"column":2},"end":{"line":64,"column":39}},"30":{"start":{"line":66,"column":21},"end":{"line":66,"column":48}},"31":{"start":{"line":67,"column":2},"end":{"line":67,"column":82}},"32":{"start":{"line":68,"column":2},"end":{"line":68,"column":37}},"33":{"start":{"line":70,"column":34},"end":{"line":70,"column":61}},"34":{"start":{"line":71,"column":2},"end":{"line":71,"column":112}},"35":{"start":{"line":72,"column":2},"end":{"line":72,"column":50}},"36":{"start":{"line":74,"column":2},"end":{"line":74,"column":33}}},"fnMap":{"0":{"name":"handleSubmit","decl":{"start":{"line":3,"column":9},"end":{"line":3,"column":21}},"loc":{"start":{"line":3,"column":29},"end":{"line":18,"column":2}},"line":3},"1":{"name":"(anonymous_1)","decl":{"start":{"line":14,"column":10},"end":{"line":14,"column":11}},"loc":{"start":{"line":14,"column":20},"end":{"line":16,"column":5}},"line":14},"2":{"name":"sendFormText","decl":{"start":{"line":20,"column":15},"end":{"line":20,"column":27}},"loc":{"start":{"line":20,"column":37},"end":{"line":43,"column":1}},"line":20},"3":{"name":"updateUI","decl":{"start":{"line":46,"column":9},"end":{"line":46,"column":17}},"loc":{"start":{"line":46,"column":19},"end":{"line":75,"column":1}},"line":46}},"branchMap":{},"s":{"0":1,"1":0,"2":0,"3":0,"4":0,"5":0,"6":0,"7":0,"8":1,"9":1,"10":1,"11":0,"12":0,"13":0,"14":0,"15":0,"16":0,"17":0,"18":1,"19":0,"20":0,"21":0,"22":0,"23":0,"24":0,"25":0,"26":0,"27":0,"28":0,"29":0,"30":0,"31":0,"32":0,"33":0,"34":0,"35":0,"36":0},"f":{"0":0,"1":0,"2":1,"3":0},"b":{},"_coverageSchema":"1a1c01bbd47fc00a2c39e90264f33305004495a9","hash":"06e6cae84d0e69cf0e8a2619d3fa3289d6c5fc47"}
,"/Users/madafaca/Desktop/project-master/src/client/js/textChecker.js": {"path":"/Users/madafaca/Desktop/project-master/src/client/js/textChecker.js","statementMap":{"0":{"start":{"line":4,"column":4},"end":{"line":9,"column":5}},"1":{"start":{"line":5,"column":8},"end":{"line":5,"column":20}},"2":{"start":{"line":7,"column":8},"end":{"line":7,"column":27}},"3":{"start":{"line":8,"column":8},"end":{"line":8,"column":21}},"4":{"start":{"line":14,"column":20},"end":{"line":14,"column":54}},"5":{"start":{"line":15,"column":4},"end":{"line":15,"column":27}},"6":{"start":{"line":16,"column":19},"end":{"line":16,"column":46}},"7":{"start":{"line":17,"column":4},"end":{"line":17,"column":65}},"8":{"start":{"line":18,"column":4},"end":{"line":18,"column":32}}},"fnMap":{"0":{"name":"checkForInput","decl":{"start":{"line":1,"column":9},"end":{"line":1,"column":22}},"loc":{"start":{"line":1,"column":33},"end":{"line":10,"column":1}},"line":1},"1":{"name":"showError","decl":{"start":{"line":13,"column":9},"end":{"line":13,"column":18}},"loc":{"start":{"line":13,"column":20},"end":{"line":20,"column":1}},"line":13}},"branchMap":{"0":{"loc":{"start":{"line":4,"column":4},"end":{"line":9,"column":5}},"type":"if","locations":[{"start":{"line":4,"column":4},"end":{"line":9,"column":5}},{"start":{"line":4,"column":4},"end":{"line":9,"column":5}}],"line":4},"1":{"loc":{"start":{"line":4,"column":7},"end":{"line":4,"column":57}},"type":"binary-expr","locations":[{"start":{"line":4,"column":7},"end":{"line":4,"column":34}},{"start":{"line":4,"column":38},"end":{"line":4,"column":57}}],"line":4}},"s":{"0":1,"1":1,"2":0,"3":0,"4":0,"5":0,"6":0,"7":0,"8":0},"f":{"0":1,"1":0},"b":{"0":[1,0],"1":[1,1]},"_coverageSchema":"1a1c01bbd47fc00a2c39e90264f33305004495a9","hash":"d3fb8dfbc1d53b6cba9c6968180f9cc58fa0925d"}
}
