{"/Users/madafaca/Desktop/news3/src/client/js/formHandler.js": {"path":"/Users/madafaca/Desktop/news3/src/client/js/formHandler.js","statementMap":{"0":{"start":{"line":1,"column":18},"end":{"line":1,"column":21}},"1":{"start":{"line":4,"column":4},"end":{"line":4,"column":26}},"2":{"start":{"line":7,"column":19},"end":{"line":7,"column":56}},"3":{"start":{"line":8,"column":4},"end":{"line":8,"column":33}},"4":{"start":{"line":10,"column":20},"end":{"line":10,"column":32}},"5":{"start":{"line":11,"column":4},"end":{"line":14,"column":6}},"6":{"start":{"line":13,"column":8},"end":{"line":13,"column":26}},"7":{"start":{"line":18,"column":21},"end":{"line":26,"column":8}},"8":{"start":{"line":28,"column":8},"end":{"line":39,"column":9}},"9":{"start":{"line":29,"column":26},"end":{"line":29,"column":47}},"10":{"start":{"line":30,"column":10},"end":{"line":30,"column":31}},"11":{"start":{"line":31,"column":10},"end":{"line":31,"column":50}},"12":{"start":{"line":32,"column":10},"end":{"line":32,"column":58}},"13":{"start":{"line":33,"column":10},"end":{"line":33,"column":42}},"14":{"start":{"line":34,"column":10},"end":{"line":34,"column":72}},"15":{"start":{"line":35,"column":10},"end":{"line":35,"column":80}},"16":{"start":{"line":36,"column":10},"end":{"line":36,"column":25}},"17":{"start":{"line":38,"column":8},"end":{"line":38,"column":36}}},"fnMap":{"0":{"name":"handleSubmit","decl":{"start":{"line":3,"column":9},"end":{"line":3,"column":21}},"loc":{"start":{"line":3,"column":29},"end":{"line":15,"column":2}},"line":3},"1":{"name":"(anonymous_1)","decl":{"start":{"line":12,"column":10},"end":{"line":12,"column":11}},"loc":{"start":{"line":12,"column":20},"end":{"line":14,"column":5}},"line":12},"2":{"name":"sendFormText","decl":{"start":{"line":17,"column":15},"end":{"line":17,"column":27}},"loc":{"start":{"line":17,"column":37},"end":{"line":40,"column":1}},"line":17}},"branchMap":{},"s":{"0":1,"1":0,"2":0,"3":0,"4":0,"5":0,"6":0,"7":1,"8":1,"9":1,"10":0,"11":0,"12":0,"13":0,"14":0,"15":0,"16":0,"17":1},"f":{"0":0,"1":0,"2":1},"b":{},"_coverageSchema":"1a1c01bbd47fc00a2c39e90264f33305004495a9","hash":"8f2f0f06a5d2e2bf42292bd661e9066c60c06115"}
}
