TN:
SF:src/client/js/formHandler.js
FN:3,handleSubmit
FN:14,(anonymous_1)
FN:20,sendFormText
FNF:3
FNH:0
FNDA:0,handleSubmit
FNDA:0,(anonymous_1)
FNDA:0,sendFormText
DA:1,1
DA:4,0
DA:7,0
DA:8,0
DA:9,0
DA:12,0
DA:13,0
DA:15,0
DA:21,0
DA:31,0
DA:32,0
DA:33,0
DA:34,0
DA:35,0
DA:36,0
DA:37,0
DA:38,0
DA:39,0
DA:41,0
LF:19
LH:1
BRF:0
BRH:0
end_of_record
TN:
SF:src/client/js/textChecker.js
FN:1,checkForInput
FN:12,showError
FNF:2
FNH:1
FNDA:1,checkForInput
FNDA:0,showError
DA:4,1
DA:5,1
DA:7,0
DA:8,0
DA:13,0
DA:14,0
DA:15,0
DA:16,0
DA:17,0
LF:9
LH:2
BRDA:4,0,0,1
BRDA:4,0,1,0
BRDA:4,1,0,1
BRDA:4,1,1,1
BRF:4
BRH:3
end_of_record
