TN:
SF:src/client/js/formHandler.js
FN:3,handleSubmit
FN:14,(anonymous_1)
FN:20,sendFormText
FN:46,updateUI
FNF:4
FNH:1
FNDA:0,handleSubmit
FNDA:0,(anonymous_1)
FNDA:1,sendFormText
FNDA:0,updateUI
DA:1,1
DA:4,0
DA:7,0
DA:8,0
DA:9,0
DA:12,0
DA:13,0
DA:15,0
DA:21,1
DA:31,1
DA:32,1
DA:33,0
DA:34,0
DA:35,0
DA:36,0
DA:37,0
DA:38,0
DA:39,0
DA:41,1
DA:47,0
DA:49,0
DA:50,0
DA:52,0
DA:53,0
DA:58,0
DA:59,0
DA:60,0
DA:62,0
DA:63,0
DA:64,0
DA:66,0
DA:67,0
DA:68,0
DA:70,0
DA:71,0
DA:72,0
DA:74,0
LF:37
LH:5
BRF:0
BRH:0
end_of_record
TN:
SF:src/client/js/textChecker.js
FN:1,checkForInput
FN:13,showError
FNF:2
FNH:1
FNDA:1,checkForInput
FNDA:0,showError
DA:4,1
DA:5,1
DA:7,0
DA:8,0
DA:14,0
DA:15,0
DA:16,0
DA:17,0
DA:18,0
LF:9
LH:2
BRDA:4,0,0,1
BRDA:4,0,1,0
BRDA:4,1,0,1
BRDA:4,1,1,1
BRF:4
BRH:3
end_of_record
